*** Using Compiler 'V5.06 update 7 (build 960)', folder: 'E:\microcontroller\MDKARM\software\ARM\ARMCC\Bin'
Build target 'Target 1'
compiling stm32f10x_cec.c...
compiling core_cm3.c...
compiling stm32f10x_dbgmcu.c...
compiling stm32f10x_adc.c...
compiling stm32f10x_can.c...
compiling stm32f10x_dac.c...
compiling stm32f10x_crc.c...
compiling stm32f10x_exti.c...
compiling stm32f10x_dma.c...
compiling misc.c...
compiling system_stm32f10x.c...
compiling stm32f10x_bkp.c...
compiling stm32f10x_flash.c...
compiling stm32f10x_gpio.c...
compiling stm32f10x_fsmc.c...
compiling stm32f10x_iwdg.c...
compiling stm32f10x_pwr.c...
compiling stm32f10x_i2c.c...
compiling stm32f10x_spi.c...
compiling stm32f10x_rtc.c...
compiling stm32f10x_rcc.c...
compiling stm32f10x_usart.c...
compiling stm32f10x_sdio.c...
assembling startup_stm32f10x_hd.s...
compiling stm32f10x_tim.c...
compiling stm32f10x_wwdg.c...
compiling stm32f10x_it.c...
compiling sys.c...
compiling led.c...
compiling pwm.c...
compiling esc.c...
compiling delay.c...
compiling main.c...
compiling TM1640.c...
compiling key.c...
linking...
Program Size: Code=2900 RO-data=336 RW-data=28 ZI-data=1636  
".\Objects\Keypad_exercise.axf" - 0 Error(s), 0 Warning(s).
Build Time Elapsed:  00:00:07
